Arguments: 
  C:\Program Files\nodejs\node.exe C:\Users\NHAT TRUONG\AppData\Roaming\npm\node_modules\yarn\bin\yarn.js add express nodemon dotenv mongoose

PATH: 
  C:\Program Files\PowerShell\7;C:\ProgramData\Oracle\Java\javapath;C:\Python310\Scripts\;C:\Python310\;C:\Program Files (x86)\Common Files\Oracle\Java\javapath;C:\Windows\system32;C:\Windows;C:\Windows\System32\Wbem;C:\Windows\System32\WindowsPowerShell\v1.0\;C:\Windows\System32\OpenSSH\;C:\xampp\php;C:\Program Files (x86)\NVIDIA Corporation\PhysX\Common;C:\Program Files\NVIDIA Corporation\NVIDIA NvDLISR;C:\ProgramData\chocolatey\bin;C:\Program Files\nodejs\;C:\Program Files\Git\cmd;C:\Program Files\dotnet\;C:\composer;C:\Users\NHAT TRUONG\AppData\Roaming\npm\yarn.ps1;C:\Program Files\PowerShell\7\;C:\Users\NHAT TRUONG\AppData\Local\Microsoft\WindowsApps;C:\Users\NHAT TRUONG\AppData\Local\Programs\Microsoft VS Code\bin;C:\xampp\php;C:\Users\NHAT TRUONG\AppData\Roaming\npm;C:\Users\NHAT TRUONG\AppData\Roaming\Composer\vendor\bin;C:\Users\NHAT TRUONG\AppData\Local\Yarn\bin

Yarn version: 
  1.22.19

Node version: 
  16.15.0

Platform: 
  win32 x64

Trace: 
  SyntaxError: C:\Users\NHAT TRUONG\Desktop\MNM\package.json: Unexpected token } in JSON at position 496
      at JSON.parse (<anonymous>)
      at C:\Users\NHAT TRUONG\AppData\Roaming\npm\node_modules\yarn\lib\cli.js:1629:59
      at Generator.next (<anonymous>)
      at step (C:\Users\NHAT TRUONG\AppData\Roaming\npm\node_modules\yarn\lib\cli.js:310:30)
      at C:\Users\NHAT TRUONG\AppData\Roaming\npm\node_modules\yarn\lib\cli.js:321:13

npm manifest: 
  {
      "name": "ecommerce",
      "version": "1.0.0",
      "description": "",
      "main": "backend/server.js",
      "engines": {
        "node": "16.14.1"
      },
      "scripts": {
        "test": "echo \"Error: no test specified\" && exit 1",
        "start": "node backend/server.js",
        "dev": "nodemon backend/server.js",
        "heroku-postbuild":"NPM_CONFIG_PRODUCTION=false && npm install --prefix frontend && npm run build --prefix frontend"
      },
      "author": "NTN",
      "license": "ISC",
      
    }

yarn manifest: 
  No manifest

Lockfile: 
  No lockfile
